<?xml version="1.0" encoding="UTF-8"?>
<testsuite xmlns:xsi="http://www.w3.org/2001/XMLSchema-instance" xsi:noNamespaceSchemaLocation="https://maven.apache.org/surefire/maven-surefire-plugin/xsd/surefire-test-report.xsd" version="3.0.2" name="org.liwanqi42.springforge.util.NamingUtilsTest$TableNameToMappingPath" time="0.293" tests="9" errors="0" skipped="0" failures="0">
  <properties>
[...]
</properties>
  <testcase name="multipleUnderscores" classname="org.liwanqi42.springforge.util.NamingUtilsTest$TableNameToMappingPath" time="0.002"/>
  <testcase name="normalConversion(String, String)[1]" classname="org.liwanqi42.springforge.util.NamingUtilsTest$TableNameToMappingPath" time="0.017"/>
  <testcase name="normalConversion(String, String)[2]" classname="org.liwanqi42.springforge.util.NamingUtilsTest$TableNameToMappingPath" time="0.001"/>
  <testcase name="normalConversion(String, String)[3]" classname="org.liwanqi42.springforge.util.NamingUtilsTest$TableNameToMappingPath" time="0.001"/>
  <testcase name="normalConversion(String, String)[4]" classname="org.liwanqi42.springforge.util.NamingUtilsTest$TableNameToMappingPath" time="0.002"/>
  <testcase name="nullAndEmpty(String)[1]" classname="org.liwanqi42.springforge.util.NamingUtilsTest$TableNameToMappingPath" time="0.004"/>
  <testcase name="nullAndEmpty(String)[2]" classname="org.liwanqi42.springforge.util.NamingUtilsTest$TableNameToMappingPath" time="0.001"/>
  <testcase name="singleCharTableName" classname="org.liwanqi42.springforge.util.NamingUtilsTest$TableNameToMappingPath" time="0.001"/>
  <testcase name="upperCaseTableName" classname="org.liwanqi42.springforge.util.NamingUtilsTest$TableNameToMappingPath" time="0.001"/>
</testsuite>