<?xml version="1.0" encoding="UTF-8"?>
<testsuite xmlns:xsi="http://www.w3.org/2001/XMLSchema-instance" xsi:noNamespaceSchemaLocation="https://maven.apache.org/surefire/maven-surefire-plugin/xsd/surefire-test-report.xsd" version="3.0.2" name="org.liwanqi42.springforge.engine.mvc.MvcStrategyTest$MvcPackagePaths" time="1.697" tests="7" errors="0" skipped="0" failures="0">
  <properties>
[...]
</properties>
  <testcase name="servicePackagePath" classname="org.liwanqi42.springforge.engine.mvc.MvcStrategyTest$MvcPackagePaths" time="0.17">
    <system-out><![CDATA[21:52:57.501 [main] INFO org.liwanqi42.springforge.util.SourceFileWriter -- 已生成：C:\Users\o.O\AppData\Local\Temp\junit-5417986096348325197\src\main\java\com\example\demo\entity\User.java
21:52:57.509 [main] INFO org.liwanqi42.springforge.util.SourceFileWriter -- 已生成：C:\Users\o.O\AppData\Local\Temp\junit-5417986096348325197\src\main\java\com\example\demo\mapper\UserMapper.java
21:52:57.518 [main] INFO org.liwanqi42.springforge.util.SourceFileWriter -- 已生成：C:\Users\o.O\AppData\Local\Temp\junit-5417986096348325197\src\main\resources\mapper\UserMapper.xml
21:52:57.526 [main] INFO org.liwanqi42.springforge.util.SourceFileWriter -- 已生成：C:\Users\o.O\AppData\Local\Temp\junit-5417986096348325197\src\main\java\com\example\demo\dto\UserCreateDTO.java
21:52:57.528 [main] INFO org.liwanqi42.springforge.util.SourceFileWriter -- 已生成：C:\Users\o.O\AppData\Local\Temp\junit-5417986096348325197\src\main\java\com\example\demo\dto\UserUpdateDTO.java
21:52:57.531 [main] INFO org.liwanqi42.springforge.util.SourceFileWriter -- 已生成：C:\Users\o.O\AppData\Local\Temp\junit-5417986096348325197\src\main\java\com\example\demo\dto\UserQueryDTO.java
21:52:57.533 [main] INFO org.liwanqi42.springforge.util.SourceFileWriter -- 已生成：C:\Users\o.O\AppData\Local\Temp\junit-5417986096348325197\src\main\java\com\example\demo\vo\UserListVO.java
21:52:57.535 [main] INFO org.liwanqi42.springforge.util.SourceFileWriter -- 已生成：C:\Users\o.O\AppData\Local\Temp\junit-5417986096348325197\src\main\java\com\example\demo\vo\UserDetailVO.java
21:52:57.543 [main] INFO org.liwanqi42.springforge.util.SourceFileWriter -- 已生成：C:\Users\o.O\AppData\Local\Temp\junit-5417986096348325197\src\main\java\com\example\demo\converter\UserConverter.java
21:52:57.549 [main] INFO org.liwanqi42.springforge.util.SourceFileWriter -- 已生成：C:\Users\o.O\AppData\Local\Temp\junit-5417986096348325197\src\main\java\com\example\demo\service\UserService.java
21:52:57.556 [main] INFO org.liwanqi42.springforge.util.SourceFileWriter -- 已生成：C:\Users\o.O\AppData\Local\Temp\junit-5417986096348325197\src\main\java\com\example\demo\service\impl\UserServiceImpl.java
21:52:57.569 [main] INFO org.liwanqi42.springforge.util.SourceFileWriter -- 已生成：C:\Users\o.O\AppData\Local\Temp\junit-5417986096348325197\src\main\java\com\example\demo\controller\UserController.java
]]></system-out>
  </testcase>
  <testcase name="controllerPackagePath" classname="org.liwanqi42.springforge.engine.mvc.MvcStrategyTest$MvcPackagePaths" time="0.179">
    <system-out><![CDATA[21:52:57.689 [main] INFO org.liwanqi42.springforge.util.SourceFileWriter -- 已生成：C:\Users\o.O\AppData\Local\Temp\junit-8798772583103648655\src\main\java\com\example\demo\entity\User.java
21:52:57.698 [main] INFO org.liwanqi42.springforge.util.SourceFileWriter -- 已生成：C:\Users\o.O\AppData\Local\Temp\junit-8798772583103648655\src\main\java\com\example\demo\mapper\UserMapper.java
21:52:57.713 [main] INFO org.liwanqi42.springforge.util.SourceFileWriter -- 已生成：C:\Users\o.O\AppData\Local\Temp\junit-8798772583103648655\src\main\resources\mapper\UserMapper.xml
21:52:57.722 [main] INFO org.liwanqi42.springforge.util.SourceFileWriter -- 已生成：C:\Users\o.O\AppData\Local\Temp\junit-8798772583103648655\src\main\java\com\example\demo\dto\UserCreateDTO.java
21:52:57.725 [main] INFO org.liwanqi42.springforge.util.SourceFileWriter -- 已生成：C:\Users\o.O\AppData\Local\Temp\junit-8798772583103648655\src\main\java\com\example\demo\dto\UserUpdateDTO.java
21:52:57.728 [main] INFO org.liwanqi42.springforge.util.SourceFileWriter -- 已生成：C:\Users\o.O\AppData\Local\Temp\junit-8798772583103648655\src\main\java\com\example\demo\dto\UserQueryDTO.java
21:52:57.731 [main] INFO org.liwanqi42.springforge.util.SourceFileWriter -- 已生成：C:\Users\o.O\AppData\Local\Temp\junit-8798772583103648655\src\main\java\com\example\demo\vo\UserListVO.java
21:52:57.734 [main] INFO org.liwanqi42.springforge.util.SourceFileWriter -- 已生成：C:\Users\o.O\AppData\Local\Temp\junit-8798772583103648655\src\main\java\com\example\demo\vo\UserDetailVO.java
21:52:57.743 [main] INFO org.liwanqi42.springforge.util.SourceFileWriter -- 已生成：C:\Users\o.O\AppData\Local\Temp\junit-8798772583103648655\src\main\java\com\example\demo\converter\UserConverter.java
21:52:57.750 [main] INFO org.liwanqi42.springforge.util.SourceFileWriter -- 已生成：C:\Users\o.O\AppData\Local\Temp\junit-8798772583103648655\src\main\java\com\example\demo\service\UserService.java
21:52:57.757 [main] INFO org.liwanqi42.springforge.util.SourceFileWriter -- 已生成：C:\Users\o.O\AppData\Local\Temp\junit-8798772583103648655\src\main\java\com\example\demo\service\impl\UserServiceImpl.java
21:52:57.766 [main] INFO org.liwanqi42.springforge.util.SourceFileWriter -- 已生成：C:\Users\o.O\AppData\Local\Temp\junit-8798772583103648655\src\main\java\com\example\demo\controller\UserController.java
]]></system-out>
  </testcase>
  <testcase name="voPackagePath" classname="org.liwanqi42.springforge.engine.mvc.MvcStrategyTest$MvcPackagePaths" time="0.147">
    <system-out><![CDATA[21:52:57.840 [main] INFO org.liwanqi42.springforge.util.SourceFileWriter -- 已生成：C:\Users\o.O\AppData\Local\Temp\junit-1745529534337704289\src\main\java\com\example\demo\entity\User.java
21:52:57.847 [main] INFO org.liwanqi42.springforge.util.SourceFileWriter -- 已生成：C:\Users\o.O\AppData\Local\Temp\junit-1745529534337704289\src\main\java\com\example\demo\mapper\UserMapper.java
21:52:57.858 [main] INFO org.liwanqi42.springforge.util.SourceFileWriter -- 已生成：C:\Users\o.O\AppData\Local\Temp\junit-1745529534337704289\src\main\resources\mapper\UserMapper.xml
21:52:57.865 [main] INFO org.liwanqi42.springforge.util.SourceFileWriter -- 已生成：C:\Users\o.O\AppData\Local\Temp\junit-1745529534337704289\src\main\java\com\example\demo\dto\UserCreateDTO.java
21:52:57.867 [main] INFO org.liwanqi42.springforge.util.SourceFileWriter -- 已生成：C:\Users\o.O\AppData\Local\Temp\junit-1745529534337704289\src\main\java\com\example\demo\dto\UserUpdateDTO.java
21:52:57.870 [main] INFO org.liwanqi42.springforge.util.SourceFileWriter -- 已生成：C:\Users\o.O\AppData\Local\Temp\junit-1745529534337704289\src\main\java\com\example\demo\dto\UserQueryDTO.java
21:52:57.873 [main] INFO org.liwanqi42.springforge.util.SourceFileWriter -- 已生成：C:\Users\o.O\AppData\Local\Temp\junit-1745529534337704289\src\main\java\com\example\demo\vo\UserListVO.java
21:52:57.876 [main] INFO org.liwanqi42.springforge.util.SourceFileWriter -- 已生成：C:\Users\o.O\AppData\Local\Temp\junit-1745529534337704289\src\main\java\com\example\demo\vo\UserDetailVO.java
21:52:57.883 [main] INFO org.liwanqi42.springforge.util.SourceFileWriter -- 已生成：C:\Users\o.O\AppData\Local\Temp\junit-1745529534337704289\src\main\java\com\example\demo\converter\UserConverter.java
21:52:57.893 [main] INFO org.liwanqi42.springforge.util.SourceFileWriter -- 已生成：C:\Users\o.O\AppData\Local\Temp\junit-1745529534337704289\src\main\java\com\example\demo\service\UserService.java
21:52:57.902 [main] INFO org.liwanqi42.springforge.util.SourceFileWriter -- 已生成：C:\Users\o.O\AppData\Local\Temp\junit-1745529534337704289\src\main\java\com\example\demo\service\impl\UserServiceImpl.java
21:52:57.912 [main] INFO org.liwanqi42.springforge.util.SourceFileWriter -- 已生成：C:\Users\o.O\AppData\Local\Temp\junit-1745529534337704289\src\main\java\com\example\demo\controller\UserController.java
]]></system-out>
  </testcase>
  <testcase name="converterPackagePath" classname="org.liwanqi42.springforge.engine.mvc.MvcStrategyTest$MvcPackagePaths" time="0.14">
    <system-out><![CDATA[21:52:57.993 [main] INFO org.liwanqi42.springforge.util.SourceFileWriter -- 已生成：C:\Users\o.O\AppData\Local\Temp\junit-974241277521468023\src\main\java\com\example\demo\entity\User.java
21:52:57.999 [main] INFO org.liwanqi42.springforge.util.SourceFileWriter -- 已生成：C:\Users\o.O\AppData\Local\Temp\junit-974241277521468023\src\main\java\com\example\demo\mapper\UserMapper.java
21:52:58.010 [main] INFO org.liwanqi42.springforge.util.SourceFileWriter -- 已生成：C:\Users\o.O\AppData\Local\Temp\junit-974241277521468023\src\main\resources\mapper\UserMapper.xml
21:52:58.019 [main] INFO org.liwanqi42.springforge.util.SourceFileWriter -- 已生成：C:\Users\o.O\AppData\Local\Temp\junit-974241277521468023\src\main\java\com\example\demo\dto\UserCreateDTO.java
21:52:58.021 [main] INFO org.liwanqi42.springforge.util.SourceFileWriter -- 已生成：C:\Users\o.O\AppData\Local\Temp\junit-974241277521468023\src\main\java\com\example\demo\dto\UserUpdateDTO.java
21:52:58.024 [main] INFO org.liwanqi42.springforge.util.SourceFileWriter -- 已生成：C:\Users\o.O\AppData\Local\Temp\junit-974241277521468023\src\main\java\com\example\demo\dto\UserQueryDTO.java
21:52:58.028 [main] INFO org.liwanqi42.springforge.util.SourceFileWriter -- 已生成：C:\Users\o.O\AppData\Local\Temp\junit-974241277521468023\src\main\java\com\example\demo\vo\UserListVO.java
21:52:58.030 [main] INFO org.liwanqi42.springforge.util.SourceFileWriter -- 已生成：C:\Users\o.O\AppData\Local\Temp\junit-974241277521468023\src\main\java\com\example\demo\vo\UserDetailVO.java
21:52:58.038 [main] INFO org.liwanqi42.springforge.util.SourceFileWriter -- 已生成：C:\Users\o.O\AppData\Local\Temp\junit-974241277521468023\src\main\java\com\example\demo\converter\UserConverter.java
21:52:58.044 [main] INFO org.liwanqi42.springforge.util.SourceFileWriter -- 已生成：C:\Users\o.O\AppData\Local\Temp\junit-974241277521468023\src\main\java\com\example\demo\service\UserService.java
21:52:58.052 [main] INFO org.liwanqi42.springforge.util.SourceFileWriter -- 已生成：C:\Users\o.O\AppData\Local\Temp\junit-974241277521468023\src\main\java\com\example\demo\service\impl\UserServiceImpl.java
21:52:58.060 [main] INFO org.liwanqi42.springforge.util.SourceFileWriter -- 已生成：C:\Users\o.O\AppData\Local\Temp\junit-974241277521468023\src\main\java\com\example\demo\controller\UserController.java
]]></system-out>
  </testcase>
  <testcase name="mapperPackagePath" classname="org.liwanqi42.springforge.engine.mvc.MvcStrategyTest$MvcPackagePaths" time="0.208">
    <system-out><![CDATA[21:52:58.139 [main] INFO org.liwanqi42.springforge.util.SourceFileWriter -- 已生成：C:\Users\o.O\AppData\Local\Temp\junit-16344827555885134402\src\main\java\com\example\demo\entity\User.java
21:52:58.148 [main] INFO org.liwanqi42.springforge.util.SourceFileWriter -- 已生成：C:\Users\o.O\AppData\Local\Temp\junit-16344827555885134402\src\main\java\com\example\demo\mapper\UserMapper.java
21:52:58.161 [main] INFO org.liwanqi42.springforge.util.SourceFileWriter -- 已生成：C:\Users\o.O\AppData\Local\Temp\junit-16344827555885134402\src\main\resources\mapper\UserMapper.xml
21:52:58.186 [main] INFO org.liwanqi42.springforge.util.SourceFileWriter -- 已生成：C:\Users\o.O\AppData\Local\Temp\junit-16344827555885134402\src\main\java\com\example\demo\dto\UserCreateDTO.java
21:52:58.189 [main] INFO org.liwanqi42.springforge.util.SourceFileWriter -- 已生成：C:\Users\o.O\AppData\Local\Temp\junit-16344827555885134402\src\main\java\com\example\demo\dto\UserUpdateDTO.java
21:52:58.193 [main] INFO org.liwanqi42.springforge.util.SourceFileWriter -- 已生成：C:\Users\o.O\AppData\Local\Temp\junit-16344827555885134402\src\main\java\com\example\demo\dto\UserQueryDTO.java
21:52:58.197 [main] INFO org.liwanqi42.springforge.util.SourceFileWriter -- 已生成：C:\Users\o.O\AppData\Local\Temp\junit-16344827555885134402\src\main\java\com\example\demo\vo\UserListVO.java
21:52:58.201 [main] INFO org.liwanqi42.springforge.util.SourceFileWriter -- 已生成：C:\Users\o.O\AppData\Local\Temp\junit-16344827555885134402\src\main\java\com\example\demo\vo\UserDetailVO.java
21:52:58.211 [main] INFO org.liwanqi42.springforge.util.SourceFileWriter -- 已生成：C:\Users\o.O\AppData\Local\Temp\junit-16344827555885134402\src\main\java\com\example\demo\converter\UserConverter.java
21:52:58.217 [main] INFO org.liwanqi42.springforge.util.SourceFileWriter -- 已生成：C:\Users\o.O\AppData\Local\Temp\junit-16344827555885134402\src\main\java\com\example\demo\service\UserService.java
21:52:58.230 [main] INFO org.liwanqi42.springforge.util.SourceFileWriter -- 已生成：C:\Users\o.O\AppData\Local\Temp\junit-16344827555885134402\src\main\java\com\example\demo\service\impl\UserServiceImpl.java
21:52:58.247 [main] INFO org.liwanqi42.springforge.util.SourceFileWriter -- 已生成：C:\Users\o.O\AppData\Local\Temp\junit-16344827555885134402\src\main\java\com\example\demo\controller\UserController.java
]]></system-out>
  </testcase>
  <testcase name="dtoPackagePath" classname="org.liwanqi42.springforge.engine.mvc.MvcStrategyTest$MvcPackagePaths" time="0.221">
    <system-out><![CDATA[21:52:58.355 [main] INFO org.liwanqi42.springforge.util.SourceFileWriter -- 已生成：C:\Users\o.O\AppData\Local\Temp\junit-15452292355948631841\src\main\java\com\example\demo\entity\User.java
21:52:58.366 [main] INFO org.liwanqi42.springforge.util.SourceFileWriter -- 已生成：C:\Users\o.O\AppData\Local\Temp\junit-15452292355948631841\src\main\java\com\example\demo\mapper\UserMapper.java
21:52:58.379 [main] INFO org.liwanqi42.springforge.util.SourceFileWriter -- 已生成：C:\Users\o.O\AppData\Local\Temp\junit-15452292355948631841\src\main\resources\mapper\UserMapper.xml
21:52:58.394 [main] INFO org.liwanqi42.springforge.util.SourceFileWriter -- 已生成：C:\Users\o.O\AppData\Local\Temp\junit-15452292355948631841\src\main\java\com\example\demo\dto\UserCreateDTO.java
21:52:58.397 [main] INFO org.liwanqi42.springforge.util.SourceFileWriter -- 已生成：C:\Users\o.O\AppData\Local\Temp\junit-15452292355948631841\src\main\java\com\example\demo\dto\UserUpdateDTO.java
21:52:58.400 [main] INFO org.liwanqi42.springforge.util.SourceFileWriter -- 已生成：C:\Users\o.O\AppData\Local\Temp\junit-15452292355948631841\src\main\java\com\example\demo\dto\UserQueryDTO.java
21:52:58.406 [main] INFO org.liwanqi42.springforge.util.SourceFileWriter -- 已生成：C:\Users\o.O\AppData\Local\Temp\junit-15452292355948631841\src\main\java\com\example\demo\vo\UserListVO.java
21:52:58.412 [main] INFO org.liwanqi42.springforge.util.SourceFileWriter -- 已生成：C:\Users\o.O\AppData\Local\Temp\junit-15452292355948631841\src\main\java\com\example\demo\vo\UserDetailVO.java
21:52:58.428 [main] INFO org.liwanqi42.springforge.util.SourceFileWriter -- 已生成：C:\Users\o.O\AppData\Local\Temp\junit-15452292355948631841\src\main\java\com\example\demo\converter\UserConverter.java
21:52:58.438 [main] INFO org.liwanqi42.springforge.util.SourceFileWriter -- 已生成：C:\Users\o.O\AppData\Local\Temp\junit-15452292355948631841\src\main\java\com\example\demo\service\UserService.java
21:52:58.449 [main] INFO org.liwanqi42.springforge.util.SourceFileWriter -- 已生成：C:\Users\o.O\AppData\Local\Temp\junit-15452292355948631841\src\main\java\com\example\demo\service\impl\UserServiceImpl.java
21:52:58.462 [main] INFO org.liwanqi42.springforge.util.SourceFileWriter -- 已生成：C:\Users\o.O\AppData\Local\Temp\junit-15452292355948631841\src\main\java\com\example\demo\controller\UserController.java
]]></system-out>
  </testcase>
  <testcase name="entityPackagePath" classname="org.liwanqi42.springforge.engine.mvc.MvcStrategyTest$MvcPackagePaths" time="0.598">
    <system-out><![CDATA[21:52:58.616 [main] INFO org.liwanqi42.springforge.util.SourceFileWriter -- 已生成：C:\Users\o.O\AppData\Local\Temp\junit-9964902060883779165\src\main\java\com\example\demo\entity\User.java
21:52:58.631 [main] INFO org.liwanqi42.springforge.util.SourceFileWriter -- 已生成：C:\Users\o.O\AppData\Local\Temp\junit-9964902060883779165\src\main\java\com\example\demo\mapper\UserMapper.java
21:52:58.654 [main] INFO org.liwanqi42.springforge.util.SourceFileWriter -- 已生成：C:\Users\o.O\AppData\Local\Temp\junit-9964902060883779165\src\main\resources\mapper\UserMapper.xml
21:52:58.714 [main] INFO org.liwanqi42.springforge.util.SourceFileWriter -- 已生成：C:\Users\o.O\AppData\Local\Temp\junit-9964902060883779165\src\main\java\com\example\demo\dto\UserCreateDTO.java
21:52:58.721 [main] INFO org.liwanqi42.springforge.util.SourceFileWriter -- 已生成：C:\Users\o.O\AppData\Local\Temp\junit-9964902060883779165\src\main\java\com\example\demo\dto\UserUpdateDTO.java
21:52:58.736 [main] INFO org.liwanqi42.springforge.util.SourceFileWriter -- 已生成：C:\Users\o.O\AppData\Local\Temp\junit-9964902060883779165\src\main\java\com\example\demo\dto\UserQueryDTO.java
21:52:58.747 [main] INFO org.liwanqi42.springforge.util.SourceFileWriter -- 已生成：C:\Users\o.O\AppData\Local\Temp\junit-9964902060883779165\src\main\java\com\example\demo\vo\UserListVO.java
21:52:58.753 [main] INFO org.liwanqi42.springforge.util.SourceFileWriter -- 已生成：C:\Users\o.O\AppData\Local\Temp\junit-9964902060883779165\src\main\java\com\example\demo\vo\UserDetailVO.java
21:52:58.809 [main] INFO org.liwanqi42.springforge.util.SourceFileWriter -- 已生成：C:\Users\o.O\AppData\Local\Temp\junit-9964902060883779165\src\main\java\com\example\demo\converter\UserConverter.java
21:52:58.867 [main] INFO org.liwanqi42.springforge.util.SourceFileWriter -- 已生成：C:\Users\o.O\AppData\Local\Temp\junit-9964902060883779165\src\main\java\com\example\demo\service\UserService.java
21:52:58.923 [main] INFO org.liwanqi42.springforge.util.SourceFileWriter -- 已生成：C:\Users\o.O\AppData\Local\Temp\junit-9964902060883779165\src\main\java\com\example\demo\service\impl\UserServiceImpl.java
21:52:58.995 [main] INFO org.liwanqi42.springforge.util.SourceFileWriter -- 已生成：C:\Users\o.O\AppData\Local\Temp\junit-9964902060883779165\src\main\java\com\example\demo\controller\UserController.java
]]></system-out>
  </testcase>
</testsuite>